<?xml version="1.0" encoding="UTF-8"?>
<!-- Generated by org.testng.reporters.JUnitReportReporter -->
<testsuite skipped="0" hostname="LAPTOP-IA3PVLBB" name="com.deque.axe.ExampleTest" tests="1" failures="1" timestamp="2020-08-09T08:08:49 IST" time="13.528" errors="0">
  <testcase name="Automation" time="13.528" classname="com.deque.axe.ExampleTest">
    <failure type="java.lang.AssertionError" message="Found 8 accessibility violations:
1) Elements must have sufficient color contrast: https://dequeuniversity.com/rules/axe/3.1/color-contrast?application=axeAPI
  a) [&quot;.active &gt; a[href=\&quot;index.php\&quot;]&quot;]
    Fix any of the following:
      Element has insufficient color contrast of 2.64 (foreground color: #ffffff, background color: #6baaa8, font size: 11.3pt, font weight: bold). Expected contrast ratio of 4.5:1


  b) [&quot;.dropdown-toggle&quot;]
    Fix any of the following:
      Element has insufficient color contrast of 1.94 (foreground color: #777777, background color: #4a4b4d, font size: 11.3pt, font weight: bold). Expected contrast ratio of 4.5:1


  c) [&quot;a[href$=\&quot;around.php\&quot;]&quot;]
    Fix any of the following:
      Element has insufficient color contrast of 1.94 (foreground color: #777777, background color: #4a4b4d, font size: 11.3pt, font weight: bold). Expected contrast ratio of 4.5:1


  d) [&quot;a[href$=\&quot;team.php\&quot;]&quot;]
    Fix any of the following:
      Element has insufficient color contrast of 1.94 (foreground color: #777777, background color: #4a4b4d, font size: 11.3pt, font weight: bold). Expected contrast ratio of 4.5:1


  e) [&quot;a[href$=\&quot;contact.php\&quot;]&quot;]
    Fix any of the following:
      Element has insufficient color contrast of 1.94 (foreground color: #777777, background color: #4a4b4d, font size: 11.3pt, font weight: bold). Expected contrast ratio of 4.5:1


  f) [&quot;a[href$=\&quot;booking.php\&quot;] &gt; b&quot;]
    Fix any of the following:
      Element has insufficient color contrast of 2.18 (foreground color: #ff0000, background color: #4a4b4d, font size: 17.3pt, font weight: bold). Expected contrast ratio of 3:1


  g) [&quot;li &gt; a[href$=\&quot;date.php\&quot;]&quot;]
    Fix any of the following:
      Element has insufficient color contrast of 1.94 (foreground color: #777777, background color: #4a4b4d, font size: 11.3pt, font weight: bold). Expected contrast ratio of 4.5:1


  h) [&quot;.close&quot;]
    Fix any of the following:
      Element has insufficient color contrast of 1.6 (foreground color: #cccccc, background color: #ffffff, font size: 15.8pt, font weight: bold). Expected contrast ratio of 3:1


  i) [&quot;p:nth-child(2) &gt; b&quot;]
    Fix any of the following:
      Element has insufficient color contrast of 3.82 (foreground color: #ff0000, background color: #f8faff, font size: 11.3pt, font weight: bold). Expected contrast ratio of 4.5:1


2) id attribute value must be unique: https://dequeuniversity.com/rules/axe/3.1/duplicate-id?application=axeAPI
  a) [&quot;.collapse&quot;]
    Fix any of the following:
      Document has multiple static elements with the same id attribute


3) Images must have alternate text: https://dequeuniversity.com/rules/axe/3.1/image-alt?application=axeAPI
  a) [&quot;img[src$=\&quot;BANNER2.PNG\&quot;]&quot;]
    Fix any of the following:
      Element does not have an alt attribute
      aria-label attribute does not exist or is empty
      aria-labelledby attribute does not exist, references elements that do not exist or references elements that are empty
      Element has no title attribute or the title attribute is empty
      Element&#039;s default semantics were not overridden with role=&quot;presentation&quot;
      Element&#039;s default semantics were not overridden with role=&quot;none&quot;


  b) [&quot;img[src$=\&quot;final.PNG\&quot;]&quot;]
    Fix any of the following:
      Element does not have an alt attribute
      aria-label attribute does not exist or is empty
      aria-labelledby attribute does not exist, references elements that do not exist or references elements that are empty
      Element has no title attribute or the title attribute is empty
      Element&#039;s default semantics were not overridden with role=&quot;presentation&quot;
      Element&#039;s default semantics were not overridden with role=&quot;none&quot;


4) Page must have one main landmark: https://dequeuniversity.com/rules/axe/3.1/landmark-one-main?application=axeAPI
  a) [&quot;html&quot;]
    Fix all of the following:
      Page does not have a main landmark


5) Links must have discernible text: https://dequeuniversity.com/rules/axe/3.1/link-name?application=axeAPI
  a) [&quot;a[href$=\&quot;kas_pathar_trek.php\&quot;]&quot;]
    Fix all of the following:
      Element is in tab order and does not have accessible text

    Fix any of the following:
      Element does not have text that is visible to screen readers
      aria-label attribute does not exist or is empty
      aria-labelledby attribute does not exist, references elements that do not exist or references elements that are empty
      Element&#039;s default semantics were not overridden with role=&quot;presentation&quot;
      Element&#039;s default semantics were not overridden with role=&quot;none&quot;


  b) [&quot;.left&quot;]
    Fix all of the following:
      Element is in tab order and does not have accessible text

    Fix any of the following:
      Element does not have text that is visible to screen readers
      aria-label attribute does not exist or is empty
      aria-labelledby attribute does not exist, references elements that do not exist or references elements that are empty
      Element&#039;s default semantics were not overridden with role=&quot;presentation&quot;
      Element&#039;s default semantics were not overridden with role=&quot;none&quot;


  c) [&quot;.right&quot;]
    Fix all of the following:
      Element is in tab order and does not have accessible text

    Fix any of the following:
      Element does not have text that is visible to screen readers
      aria-label attribute does not exist or is empty
      aria-labelledby attribute does not exist, references elements that do not exist or references elements that are empty
      Element&#039;s default semantics were not overridden with role=&quot;presentation&quot;
      Element&#039;s default semantics were not overridden with role=&quot;none&quot;


6) &lt;marquee&gt; elements are deprecated and must not be used: https://dequeuniversity.com/rules/axe/3.1/marquee?application=axeAPI
  a) [&quot;marquee:nth-child(1)&quot;]
    Fix all of the following:
      Element is visible


  b) [&quot;marquee:nth-child(3)&quot;]
    Fix all of the following:
      Element is visible


7) Page must contain a level-one heading: https://dequeuniversity.com/rules/axe/3.1/page-has-heading-one?application=axeAPI
  a) [&quot;html&quot;]
    Fix all of the following:
      Page must have a level-one heading


8) All page content must be contained by landmarks: https://dequeuniversity.com/rules/axe/3.1/region?application=axeAPI
  a) [&quot;html&quot;]
    Fix any of the following:
      Some page content is not contained by landmarks

">
      <![CDATA[java.lang.AssertionError: Found 8 accessibility violations:
1) Elements must have sufficient color contrast: https://dequeuniversity.com/rules/axe/3.1/color-contrast?application=axeAPI
  a) [".active > a[href=\"index.php\"]"]
    Fix any of the following:
      Element has insufficient color contrast of 2.64 (foreground color: #ffffff, background color: #6baaa8, font size: 11.3pt, font weight: bold). Expected contrast ratio of 4.5:1


  b) [".dropdown-toggle"]
    Fix any of the following:
      Element has insufficient color contrast of 1.94 (foreground color: #777777, background color: #4a4b4d, font size: 11.3pt, font weight: bold). Expected contrast ratio of 4.5:1


  c) ["a[href$=\"around.php\"]"]
    Fix any of the following:
      Element has insufficient color contrast of 1.94 (foreground color: #777777, background color: #4a4b4d, font size: 11.3pt, font weight: bold). Expected contrast ratio of 4.5:1


  d) ["a[href$=\"team.php\"]"]
    Fix any of the following:
      Element has insufficient color contrast of 1.94 (foreground color: #777777, background color: #4a4b4d, font size: 11.3pt, font weight: bold). Expected contrast ratio of 4.5:1


  e) ["a[href$=\"contact.php\"]"]
    Fix any of the following:
      Element has insufficient color contrast of 1.94 (foreground color: #777777, background color: #4a4b4d, font size: 11.3pt, font weight: bold). Expected contrast ratio of 4.5:1


  f) ["a[href$=\"booking.php\"] > b"]
    Fix any of the following:
      Element has insufficient color contrast of 2.18 (foreground color: #ff0000, background color: #4a4b4d, font size: 17.3pt, font weight: bold). Expected contrast ratio of 3:1


  g) ["li > a[href$=\"date.php\"]"]
    Fix any of the following:
      Element has insufficient color contrast of 1.94 (foreground color: #777777, background color: #4a4b4d, font size: 11.3pt, font weight: bold). Expected contrast ratio of 4.5:1


  h) [".close"]
    Fix any of the following:
      Element has insufficient color contrast of 1.6 (foreground color: #cccccc, background color: #ffffff, font size: 15.8pt, font weight: bold). Expected contrast ratio of 3:1


  i) ["p:nth-child(2) > b"]
    Fix any of the following:
      Element has insufficient color contrast of 3.82 (foreground color: #ff0000, background color: #f8faff, font size: 11.3pt, font weight: bold). Expected contrast ratio of 4.5:1


2) id attribute value must be unique: https://dequeuniversity.com/rules/axe/3.1/duplicate-id?application=axeAPI
  a) [".collapse"]
    Fix any of the following:
      Document has multiple static elements with the same id attribute


3) Images must have alternate text: https://dequeuniversity.com/rules/axe/3.1/image-alt?application=axeAPI
  a) ["img[src$=\"BANNER2.PNG\"]"]
    Fix any of the following:
      Element does not have an alt attribute
      aria-label attribute does not exist or is empty
      aria-labelledby attribute does not exist, references elements that do not exist or references elements that are empty
      Element has no title attribute or the title attribute is empty
      Element's default semantics were not overridden with role="presentation"
      Element's default semantics were not overridden with role="none"


  b) ["img[src$=\"final.PNG\"]"]
    Fix any of the following:
      Element does not have an alt attribute
      aria-label attribute does not exist or is empty
      aria-labelledby attribute does not exist, references elements that do not exist or references elements that are empty
      Element has no title attribute or the title attribute is empty
      Element's default semantics were not overridden with role="presentation"
      Element's default semantics were not overridden with role="none"


4) Page must have one main landmark: https://dequeuniversity.com/rules/axe/3.1/landmark-one-main?application=axeAPI
  a) ["html"]
    Fix all of the following:
      Page does not have a main landmark


5) Links must have discernible text: https://dequeuniversity.com/rules/axe/3.1/link-name?application=axeAPI
  a) ["a[href$=\"kas_pathar_trek.php\"]"]
    Fix all of the following:
      Element is in tab order and does not have accessible text

    Fix any of the following:
      Element does not have text that is visible to screen readers
      aria-label attribute does not exist or is empty
      aria-labelledby attribute does not exist, references elements that do not exist or references elements that are empty
      Element's default semantics were not overridden with role="presentation"
      Element's default semantics were not overridden with role="none"


  b) [".left"]
    Fix all of the following:
      Element is in tab order and does not have accessible text

    Fix any of the following:
      Element does not have text that is visible to screen readers
      aria-label attribute does not exist or is empty
      aria-labelledby attribute does not exist, references elements that do not exist or references elements that are empty
      Element's default semantics were not overridden with role="presentation"
      Element's default semantics were not overridden with role="none"


  c) [".right"]
    Fix all of the following:
      Element is in tab order and does not have accessible text

    Fix any of the following:
      Element does not have text that is visible to screen readers
      aria-label attribute does not exist or is empty
      aria-labelledby attribute does not exist, references elements that do not exist or references elements that are empty
      Element's default semantics were not overridden with role="presentation"
      Element's default semantics were not overridden with role="none"


6) <marquee> elements are deprecated and must not be used: https://dequeuniversity.com/rules/axe/3.1/marquee?application=axeAPI
  a) ["marquee:nth-child(1)"]
    Fix all of the following:
      Element is visible


  b) ["marquee:nth-child(3)"]
    Fix all of the following:
      Element is visible


7) Page must contain a level-one heading: https://dequeuniversity.com/rules/axe/3.1/page-has-heading-one?application=axeAPI
  a) ["html"]
    Fix all of the following:
      Page must have a level-one heading


8) All page content must be contained by landmarks: https://dequeuniversity.com/rules/axe/3.1/region?application=axeAPI
  a) ["html"]
    Fix any of the following:
      Some page content is not contained by landmarks


at org.testng.AssertJUnit.fail(AssertJUnit.java:47)
at org.testng.AssertJUnit.assertTrue(AssertJUnit.java:20)
at com.deque.axe.ExampleTest.Automation(ExampleTest.java:135)
at sun.reflect.NativeMethodAccessorImpl.invoke0(Native Method)
at sun.reflect.NativeMethodAccessorImpl.invoke(NativeMethodAccessorImpl.java:62)
at sun.reflect.DelegatingMethodAccessorImpl.invoke(DelegatingMethodAccessorImpl.java:43)
at java.lang.reflect.Method.invoke(Method.java:498)
at org.testng.internal.MethodInvocationHelper.invokeMethod(MethodInvocationHelper.java:133)
at org.testng.internal.TestInvoker.invokeMethod(TestInvoker.java:584)
at org.testng.internal.TestInvoker.invokeTestMethod(TestInvoker.java:172)
at org.testng.internal.MethodRunner.runInSequence(MethodRunner.java:46)
at org.testng.internal.TestInvoker$MethodInvocationAgent.invoke(TestInvoker.java:804)
at org.testng.internal.TestInvoker.invokeTestMethods(TestInvoker.java:145)
at org.testng.internal.TestMethodWorker.invokeTestMethods(TestMethodWorker.java:146)
at org.testng.internal.TestMethodWorker.run(TestMethodWorker.java:128)
at java.util.ArrayList.forEach(ArrayList.java:1249)
at org.testng.TestRunner.privateRun(TestRunner.java:770)
at org.testng.TestRunner.run(TestRunner.java:591)
at org.testng.SuiteRunner.runTest(SuiteRunner.java:402)
at org.testng.SuiteRunner.runSequentially(SuiteRunner.java:396)
at org.testng.SuiteRunner.privateRun(SuiteRunner.java:355)
at org.testng.SuiteRunner.run(SuiteRunner.java:304)
at org.testng.SuiteRunnerWorker.runSuite(SuiteRunnerWorker.java:53)
at org.testng.SuiteRunnerWorker.run(SuiteRunnerWorker.java:96)
at org.testng.TestNG.runSuitesSequentially(TestNG.java:1180)
at org.testng.TestNG.runSuitesLocally(TestNG.java:1102)
at org.testng.TestNG.runSuites(TestNG.java:1032)
at org.testng.TestNG.run(TestNG.java:1000)
at org.testng.remote.AbstractRemoteTestNG.run(AbstractRemoteTestNG.java:115)
at org.testng.remote.RemoteTestNG.initAndRun(RemoteTestNG.java:251)
at org.testng.remote.RemoteTestNG.main(RemoteTestNG.java:77)
]]>
    </failure>
  </testcase> <!-- Automation -->
</testsuite> <!-- com.deque.axe.ExampleTest -->
